<?xml version="1.0" encoding="UTF-8"?>
<!-- Generated by org.testng.reporters.JUnitReportReporter -->
<testsuite skipped="0" hostname="ShivGee" name="com.testcases.googlesearch" tests="1" failures="0" timestamp="24 Apr 2020 23:12:08 GMT" time="16.893" errors="0">
  <testcase name="countinglinksingooglepage" time="16.893" classname="com.testcases.googlesearch"/>
</testsuite> <!-- com.testcases.googlesearch -->
