<?xml version="1.0" encoding="UTF-8"?>
<!-- Generated by org.testng.reporters.JUnitReportReporter -->
<testsuite skipped="0" hostname="ShivGee" name="com.testcases.LinkedInExcelGradleLogin" tests="1" failures="0" timestamp="23 Apr 2020 17:19:49 GMT" time="51.912" errors="0">
  <testcase name="Login" time="51.912" classname="com.testcases.LinkedInExcelGradleLogin"/>
</testsuite> <!-- com.testcases.LinkedInExcelGradleLogin -->
