<?xml version="1.0" encoding="UTF-8"?>
<!-- Generated by org.testng.reporters.JUnitReportReporter -->
<testsuite skipped="0" hostname="ShivGee" name="com.testcases.frame" tests="1" failures="0" timestamp="24 Apr 2020 16:44:31 GMT" time="25.084" errors="0">
  <testcase name="dragmethod" time="25.084" classname="com.testcases.frame"/>
</testsuite> <!-- com.testcases.frame -->
