<?xml version="1.0" encoding="UTF-8"?>
<!-- Generated by org.testng.reporters.JUnitReportReporter -->
<testsuite skipped="0" hostname="ShivGee" name="com.testcases.paramertizewithdataprovider" tests="3" failures="0" timestamp="30 Apr 2020 16:35:41 GMT" time="44.922" errors="0">
  <testcase name="loginToWordpress" time="14.579" classname="com.testcases.paramertizewithdataprovider"/>
  <testcase name="loginToWordpress" time="13.559" classname="com.testcases.paramertizewithdataprovider"/>
  <testcase name="loginToWordpress" time="16.784" classname="com.testcases.paramertizewithdataprovider"/>
</testsuite> <!-- com.testcases.paramertizewithdataprovider -->
